<?xml version="1.0" encoding="UTF-8"?>
<!-- Generated by org.testng.reporters.JUnitXMLReporter -->
<testsuite ignored="0" hostname="Asplap1704" failures="0" tests="4" name="Second Test Class" time="0.017" errors="0" timestamp="2024-05-08T12:32:28 IST">
  <testcase classname="com.MySeleniumProject.Tests.SecondTestClass" name="Secondtest1" time="0.004"/>
  <testcase classname="com.MySeleniumProject.Tests.SecondTestClass" name="Secondtest2" time="0.001"/>
  <testcase classname="com.MySeleniumProject.Tests.SecondTestClass" name="Secondtest3" time="0.002"/>
  <testcase classname="com.MySeleniumProject.Tests.SecondTestClass" name="Secondtest4" time="0.002"/>
</testsuite> <!-- Second Test Class -->
