<?xml version="1.0" encoding="UTF-8"?>
<!-- Generated by org.testng.reporters.JUnitXMLReporter -->
<testsuite ignored="0" hostname="Asplap1704" failures="0" tests="12" name="Test" time="0.121" errors="0" timestamp="2024-05-08T12:18:18 IST">
  <testcase classname="com.MySeleniumProject.Tests.FirstTestClass" name="Firsttest1" time="0.007"/>
  <testcase classname="com.MySeleniumProject.Tests.FirstTestClass" name="Firsttest2" time="0.003"/>
  <testcase classname="com.MySeleniumProject.Tests.FirstTestClass" name="Firsttest3" time="0.008"/>
  <testcase classname="com.MySeleniumProject.Tests.FirstTestClass" name="Firsttest4" time="0.001"/>
  <testcase classname="com.MySeleniumProject.Tests.SecondTestClass" name="Secondtest1" time="0.003"/>
  <testcase classname="com.MySeleniumProject.Tests.SecondTestClass" name="Secondtest2" time="0.002"/>
  <testcase classname="com.MySeleniumProject.Tests.SecondTestClass" name="Secondtest3" time="0.003"/>
  <testcase classname="com.MySeleniumProject.Tests.SecondTestClass" name="Secondtest4" time="0.001"/>
  <testcase classname="com.MySeleniumProject.Tests.ThirdTestClass" name="Thirdtest1" time="0.002"/>
  <testcase classname="com.MySeleniumProject.Tests.ThirdTestClass" name="Thirdtest2" time="0.002"/>
  <testcase classname="com.MySeleniumProject.Tests.ThirdTestClass" name="Thirdtest3" time="0.002"/>
  <testcase classname="com.MySeleniumProject.Tests.ThirdTestClass" name="Thirdtest4" time="0.002"/>
</testsuite> <!-- Test -->
