<?xml version="1.0" encoding="UTF-8"?>
<!-- Generated by org.testng.reporters.JUnitXMLReporter -->
<testsuite ignored="0" hostname="Asplap1704" failures="0" tests="4" name="Third Test Class" time="0.023" errors="0" timestamp="2024-05-08T12:32:28 IST">
  <testcase classname="com.MySeleniumProject.Tests.ThirdTestClass" name="Thirdtest1" time="0.002"/>
  <testcase classname="com.MySeleniumProject.Tests.ThirdTestClass" name="Thirdtest2" time="0.001"/>
  <testcase classname="com.MySeleniumProject.Tests.ThirdTestClass" name="Thirdtest3" time="0.005"/>
  <testcase classname="com.MySeleniumProject.Tests.ThirdTestClass" name="Thirdtest4" time="0.002"/>
</testsuite> <!-- Third Test Class -->
