<?xml version="1.0" encoding="UTF-8"?>
<testng-results ignored="0" total="3" passed="3" failed="0" skipped="0">
  <reporter-output>
  </reporter-output>
  <suite started-at="2024-11-29T19:00:00 IST" name="First Test" finished-at="2024-11-29T19:00:11 IST" duration-ms="11136">
    <groups>
    </groups>
    <test started-at="2024-11-29T19:00:00 IST" name="ChromeTest" finished-at="2024-11-29T19:00:07 IST" duration-ms="6975">
      <class name="com.MySeleniumProject.Tests.CrossBrowserTestingScript">
        <test-method is-config="true" signature="setup(java.lang.String)[pri:0, instance:com.MySeleniumProject.Tests.CrossBrowserTestingScript@576d5deb]" started-at="2024-11-29T19:00:00 IST" name="setup" finished-at="2024-11-29T19:00:03 IST" duration-ms="3123" status="PASS">
          <params>
            <param index="0">
              <value>
                <![CDATA[chrome]]>
              </value>
            </param>
          </params>
          <reporter-output>
          </reporter-output>
        </test-method> <!-- setup -->
        <test-method signature="verifyTitle()[pri:0, instance:com.MySeleniumProject.Tests.CrossBrowserTestingScript@576d5deb]" started-at="2024-11-29T19:00:03 IST" name="verifyTitle" finished-at="2024-11-29T19:00:07 IST" duration-ms="3788" status="PASS">
          <reporter-output>
          </reporter-output>
        </test-method> <!-- verifyTitle -->
      </class> <!-- com.MySeleniumProject.Tests.CrossBrowserTestingScript -->
    </test> <!-- ChromeTest -->
    <test started-at="2024-11-29T19:00:00 IST" name="Edge Test" finished-at="2024-11-29T19:00:08 IST" duration-ms="8315">
      <class name="com.MySeleniumProject.Tests.CrossBrowserTestingScript">
        <test-method is-config="true" signature="setup(java.lang.String)[pri:0, instance:com.MySeleniumProject.Tests.CrossBrowserTestingScript@2eae8e6e]" started-at="2024-11-29T19:00:00 IST" name="setup" finished-at="2024-11-29T19:00:03 IST" duration-ms="3123" status="PASS">
          <params>
            <param index="0">
              <value>
                <![CDATA[edge]]>
              </value>
            </param>
          </params>
          <reporter-output>
          </reporter-output>
        </test-method> <!-- setup -->
        <test-method signature="verifyTitle()[pri:0, instance:com.MySeleniumProject.Tests.CrossBrowserTestingScript@2eae8e6e]" started-at="2024-11-29T19:00:03 IST" name="verifyTitle" finished-at="2024-11-29T19:00:08 IST" duration-ms="5139" status="PASS">
          <reporter-output>
          </reporter-output>
        </test-method> <!-- verifyTitle -->
      </class> <!-- com.MySeleniumProject.Tests.CrossBrowserTestingScript -->
    </test> <!-- Edge Test -->
    <test started-at="2024-11-29T19:00:00 IST" name="FireFoxTest" finished-at="2024-11-29T19:00:11 IST" duration-ms="11135">
      <class name="com.MySeleniumProject.Tests.CrossBrowserTestingScript">
        <test-method is-config="true" signature="setup(java.lang.String)[pri:0, instance:com.MySeleniumProject.Tests.CrossBrowserTestingScript@78e4deb0]" started-at="2024-11-29T19:00:00 IST" name="setup" finished-at="2024-11-29T19:00:09 IST" duration-ms="8987" status="PASS">
          <params>
            <param index="0">
              <value>
                <![CDATA[firefox]]>
              </value>
            </param>
          </params>
          <reporter-output>
          </reporter-output>
        </test-method> <!-- setup -->
        <test-method signature="verifyTitle()[pri:0, instance:com.MySeleniumProject.Tests.CrossBrowserTestingScript@78e4deb0]" started-at="2024-11-29T19:00:09 IST" name="verifyTitle" finished-at="2024-11-29T19:00:11 IST" duration-ms="2141" status="PASS">
          <reporter-output>
          </reporter-output>
        </test-method> <!-- verifyTitle -->
      </class> <!-- com.MySeleniumProject.Tests.CrossBrowserTestingScript -->
    </test> <!-- FireFoxTest -->
  </suite> <!-- First Test -->
</testng-results>
